<?xml version="1.0" encoding="UTF-8"?>
<coverage generated="1614459520437" clover="3.2.0">
  <project timestamp="1614459520437" name="All files">
    <metrics statements="18" coveredstatements="18" conditionals="13" coveredconditionals="13" methods="2" coveredmethods="2" elements="33" coveredelements="33" complexity="0" loc="18" ncloc="18" packages="1" files="1" classes="1"/>
    <file name="index.ts" path="/Users/m.chugunov/Desktop/github/binary-search/src/index.ts">
      <metrics statements="18" coveredstatements="18" conditionals="13" coveredconditionals="13" methods="2" coveredmethods="2"/>
      <line num="14" count="20" type="cond" truecount="2" falsecount="0"/>
      <line num="15" count="6" type="cond" truecount="2" falsecount="0"/>
      <line num="16" count="5" type="stmt"/>
      <line num="18" count="1" type="stmt"/>
      <line num="21" count="14" type="stmt"/>
      <line num="23" count="14" type="stmt"/>
      <line num="24" count="14" type="stmt"/>
      <line num="29" count="14" type="cond" truecount="2" falsecount="0"/>
      <line num="30" count="7" type="stmt"/>
      <line num="31" count="7" type="stmt"/>
      <line num="32" count="7" type="stmt"/>
      <line num="34" count="7" type="stmt"/>
      <line num="35" count="7" type="stmt"/>
      <line num="36" count="7" type="stmt"/>
      <line num="39" count="14" type="stmt"/>
      <line num="43" count="11" type="cond" truecount="2" falsecount="0"/>
      <line num="49" count="5" type="stmt"/>
      <line num="52" count="6" type="stmt"/>
    </file>
  </project>
</coverage>
