{"/Users/m.chugunov/Desktop/github/binary-search/src/index.ts": {"path":"/Users/m.chugunov/Desktop/github/binary-search/src/index.ts","statementMap":{"0":{"start":{"line":14,"column":4},"end":{"line":19,"column":5}},"1":{"start":{"line":15,"column":8},"end":{"line":17,"column":9}},"2":{"start":{"line":16,"column":12},"end":{"line":16,"column":32}},"3":{"start":{"line":18,"column":8},"end":{"line":18,"column":19}},"4":{"start":{"line":21,"column":39},"end":{"line":21,"column":66}},"5":{"start":{"line":23,"column":30},"end":{"line":23,"column":32}},"6":{"start":{"line":24,"column":35},"end":{"line":27,"column":5}},"7":{"start":{"line":29,"column":4},"end":{"line":37,"column":5}},"8":{"start":{"line":30,"column":8},"end":{"line":30,"column":41}},"9":{"start":{"line":31,"column":8},"end":{"line":31,"column":67}},"10":{"start":{"line":32,"column":8},"end":{"line":32,"column":54}},"11":{"start":{"line":34,"column":8},"end":{"line":34,"column":62}},"12":{"start":{"line":35,"column":8},"end":{"line":35,"column":43}},"13":{"start":{"line":36,"column":8},"end":{"line":36,"column":51}},"14":{"start":{"line":39,"column":4},"end":{"line":39,"column":57}},"15":{"start":{"line":43,"column":4},"end":{"line":50,"column":5}},"16":{"start":{"line":49,"column":8},"end":{"line":49,"column":19}},"17":{"start":{"line":52,"column":4},"end":{"line":52,"column":39}}},"fnMap":{"0":{"name":"search","decl":{"start":{"line":6,"column":9},"end":{"line":6,"column":15}},"loc":{"start":{"line":13,"column":17},"end":{"line":40,"column":1}},"line":13},"1":{"name":"binarySearch","decl":{"start":{"line":42,"column":16},"end":{"line":42,"column":28}},"loc":{"start":{"line":42,"column":84},"end":{"line":53,"column":1}},"line":42}},"branchMap":{"0":{"loc":{"start":{"line":9,"column":4},"end":{"line":12,"column":5}},"type":"default-arg","locations":[{"start":{"line":9,"column":25},"end":{"line":12,"column":5}}],"line":9},"1":{"loc":{"start":{"line":14,"column":4},"end":{"line":19,"column":5}},"type":"if","locations":[{"start":{"line":14,"column":4},"end":{"line":19,"column":5}},{"start":{"line":14,"column":4},"end":{"line":19,"column":5}}],"line":14},"2":{"loc":{"start":{"line":15,"column":8},"end":{"line":17,"column":9}},"type":"if","locations":[{"start":{"line":15,"column":8},"end":{"line":17,"column":9}},{"start":{"line":15,"column":8},"end":{"line":17,"column":9}}],"line":15},"3":{"loc":{"start":{"line":29,"column":4},"end":{"line":37,"column":5}},"type":"if","locations":[{"start":{"line":29,"column":4},"end":{"line":37,"column":5}},{"start":{"line":29,"column":4},"end":{"line":37,"column":5}}],"line":29},"4":{"loc":{"start":{"line":43,"column":4},"end":{"line":50,"column":5}},"type":"if","locations":[{"start":{"line":43,"column":4},"end":{"line":50,"column":5}},{"start":{"line":43,"column":4},"end":{"line":50,"column":5}}],"line":43},"5":{"loc":{"start":{"line":44,"column":8},"end":{"line":47,"column":41}},"type":"binary-expr","locations":[{"start":{"line":44,"column":8},"end":{"line":44,"column":29}},{"start":{"line":45,"column":8},"end":{"line":45,"column":21}},{"start":{"line":46,"column":8},"end":{"line":46,"column":30}},{"start":{"line":47,"column":8},"end":{"line":47,"column":41}}],"line":44}},"s":{"0":20,"1":6,"2":5,"3":1,"4":14,"5":14,"6":14,"7":14,"8":7,"9":7,"10":7,"11":7,"12":7,"13":7,"14":14,"15":11,"16":5,"17":6},"f":{"0":20,"1":11},"b":{"0":[6],"1":[6,14],"2":[5,1],"3":[7,7],"4":[5,6],"5":[11,9,8,8]},"_coverageSchema":"1a1c01bbd47fc00a2c39e90264f33305004495a9","hash":"e974e3f461b2e1c943c50c014a917ebf0036d64f"}
}
